application_lddm/build/app/intermediates/manifest_merge_blame_file/release/manifest-merger-blame-release-report.txt
1<?xml version="1.0" encoding="utf-8"?>
2<manifest xmlns:android="http://schemas.android.com/apk/res/android"
3    package="com.example.application_lddm"
4    android:versionCode="1"
5    android:versionName="1.0.0" >
6
7    <uses-sdk
8        android:minSdkVersion="21"
8-->src/main/AndroidManifest.xml
9        android:targetSdkVersion="34" />
9-->src/main/AndroidManifest.xml
10
11    <!-- Permissões necessárias -->
12    <uses-permission android:name="android.permission.FOREGROUND_SERVICE" />
12-->src/main/AndroidManifest.xml:5:5-76
12-->src/main/AndroidManifest.xml:5:22-74
13
14    <!-- Consultas de atividades -->
15    <queries>
15-->src/main/AndroidManifest.xml:44:5-49:15
16        <intent>
16-->src/main/AndroidManifest.xml:45:9-48:18
17            <action android:name="android.intent.action.PROCESS_TEXT" />
17-->src/main/AndroidManifest.xml:46:13-72
17-->src/main/AndroidManifest.xml:46:21-70
18
19            <data android:mimeType="text/plain" />
19-->src/main/AndroidManifest.xml:47:13-50
19-->src/main/AndroidManifest.xml:47:19-48
20        </intent>
21    </queries>
22
23    <uses-permission android:name="android.permission.WAKE_LOCK" />
23-->[:flutter_background] AndroidManifest.xml:9:5-68
23-->[:flutter_background] AndroidManifest.xml:9:22-65
24    <uses-permission android:name="android.permission.REQUEST_IGNORE_BATTERY_OPTIMIZATIONS" />
24-->[:flutter_background] AndroidManifest.xml:11:5-95
24-->[:flutter_background] AndroidManifest.xml:11:22-92
25
26    <permission
26-->[androidx.core:core:1.13.1] AndroidManifest.xml:22:5-24:47
27        android:name="com.example.application_lddm.DYNAMIC_RECEIVER_NOT_EXPORTED_PERMISSION"
27-->[androidx.core:core:1.13.1] AndroidManifest.xml:23:9-81
28        android:protectionLevel="signature" />
28-->[androidx.core:core:1.13.1] AndroidManifest.xml:24:9-44
29
30    <uses-permission android:name="com.example.application_lddm.DYNAMIC_RECEIVER_NOT_EXPORTED_PERMISSION" />
30-->[androidx.core:core:1.13.1] AndroidManifest.xml:26:5-97
30-->[androidx.core:core:1.13.1] AndroidManifest.xml:26:22-94
31
32    <application
33        android:name="android.app.Application"
33-->src/main/AndroidManifest.xml:9:9-42
34        android:appComponentFactory="androidx.core.app.CoreComponentFactory"
34-->[androidx.core:core:1.13.1] AndroidManifest.xml:28:18-86
35        android:icon="@mipmap/ic_launcher"
35-->src/main/AndroidManifest.xml:10:9-43
36        android:label="application_lddm" >
36-->src/main/AndroidManifest.xml:8:9-41
37        <activity
37-->src/main/AndroidManifest.xml:12:9-28:20
38            android:name="com.example.application_lddm.MainActivity"
38-->src/main/AndroidManifest.xml:13:13-41
39            android:configChanges="orientation|keyboardHidden|keyboard|screenSize|smallestScreenSize|locale|layoutDirection|fontScale|screenLayout|density|uiMode"
39-->src/main/AndroidManifest.xml:18:13-163
40            android:exported="true"
40-->src/main/AndroidManifest.xml:14:13-36
41            android:hardwareAccelerated="true"
41-->src/main/AndroidManifest.xml:19:13-47
42            android:launchMode="singleTop"
42-->src/main/AndroidManifest.xml:15:13-43
43            android:taskAffinity=""
43-->src/main/AndroidManifest.xml:16:13-36
44            android:theme="@style/LaunchTheme"
44-->src/main/AndroidManifest.xml:17:13-47
45            android:windowSoftInputMode="adjustResize" >
45-->src/main/AndroidManifest.xml:20:13-55
46            <meta-data
46-->src/main/AndroidManifest.xml:21:13-23:57
47                android:name="io.flutter.embedding.android.NormalTheme"
47-->src/main/AndroidManifest.xml:22:17-72
48                android:resource="@style/NormalTheme" />
48-->src/main/AndroidManifest.xml:23:17-54
49
50            <intent-filter>
50-->src/main/AndroidManifest.xml:24:13-27:29
51                <action android:name="android.intent.action.MAIN" />
51-->src/main/AndroidManifest.xml:25:17-68
51-->src/main/AndroidManifest.xml:25:25-66
52
53                <category android:name="android.intent.category.LAUNCHER" />
53-->src/main/AndroidManifest.xml:26:17-76
53-->src/main/AndroidManifest.xml:26:27-74
54            </intent-filter>
55        </activity>
56
57        <meta-data
57-->src/main/AndroidManifest.xml:30:9-32:33
58            android:name="flutterEmbedding"
58-->src/main/AndroidManifest.xml:31:13-44
59            android:value="2" />
59-->src/main/AndroidManifest.xml:32:13-30
60
61        <!-- Serviço em primeiro plano -->
62        <service
62-->src/main/AndroidManifest.xml:35:9-39:19
63            android:name="de.julianassmann.flutter_background.IsolateHolderService"
63-->src/main/AndroidManifest.xml:36:13-84
64            android:exported="false"
64-->src/main/AndroidManifest.xml:37:13-37
65            android:foregroundServiceType="dataSync|specialUse" >
65-->src/main/AndroidManifest.xml:38:13-64
66        </service>
67
68        <uses-library
68-->[androidx.window:window:1.2.0] AndroidManifest.xml:23:9-25:40
69            android:name="androidx.window.extensions"
69-->[androidx.window:window:1.2.0] AndroidManifest.xml:24:13-54
70            android:required="false" />
70-->[androidx.window:window:1.2.0] AndroidManifest.xml:25:13-37
71        <uses-library
71-->[androidx.window:window:1.2.0] AndroidManifest.xml:26:9-28:40
72            android:name="androidx.window.sidecar"
72-->[androidx.window:window:1.2.0] AndroidManifest.xml:27:13-51
73            android:required="false" />
73-->[androidx.window:window:1.2.0] AndroidManifest.xml:28:13-37
74
75        <provider
75-->[androidx.lifecycle:lifecycle-process:2.7.0] AndroidManifest.xml:24:9-32:20
76            android:name="androidx.startup.InitializationProvider"
76-->[androidx.lifecycle:lifecycle-process:2.7.0] AndroidManifest.xml:25:13-67
77            android:authorities="com.example.application_lddm.androidx-startup"
77-->[androidx.lifecycle:lifecycle-process:2.7.0] AndroidManifest.xml:26:13-68
78            android:exported="false" >
78-->[androidx.lifecycle:lifecycle-process:2.7.0] AndroidManifest.xml:27:13-37
79            <meta-data
79-->[androidx.lifecycle:lifecycle-process:2.7.0] AndroidManifest.xml:29:13-31:52
80                android:name="androidx.lifecycle.ProcessLifecycleInitializer"
80-->[androidx.lifecycle:lifecycle-process:2.7.0] AndroidManifest.xml:30:17-78
81                android:value="androidx.startup" />
81-->[androidx.lifecycle:lifecycle-process:2.7.0] AndroidManifest.xml:31:17-49
82            <meta-data
82-->[androidx.profileinstaller:profileinstaller:1.3.1] AndroidManifest.xml:29:13-31:52
83                android:name="androidx.profileinstaller.ProfileInstallerInitializer"
83-->[androidx.profileinstaller:profileinstaller:1.3.1] AndroidManifest.xml:30:17-85
84                android:value="androidx.startup" />
84-->[androidx.profileinstaller:profileinstaller:1.3.1] AndroidManifest.xml:31:17-49
85        </provider>
86
87        <receiver
87-->[androidx.profileinstaller:profileinstaller:1.3.1] AndroidManifest.xml:34:9-52:20
88            android:name="androidx.profileinstaller.ProfileInstallReceiver"
88-->[androidx.profileinstaller:profileinstaller:1.3.1] AndroidManifest.xml:35:13-76
89            android:directBootAware="false"
89-->[androidx.profileinstaller:profileinstaller:1.3.1] AndroidManifest.xml:36:13-44
90            android:enabled="true"
90-->[androidx.profileinstaller:profileinstaller:1.3.1] AndroidManifest.xml:37:13-35
91            android:exported="true"
91-->[androidx.profileinstaller:profileinstaller:1.3.1] AndroidManifest.xml:38:13-36
92            android:permission="android.permission.DUMP" >
92-->[androidx.profileinstaller:profileinstaller:1.3.1] AndroidManifest.xml:39:13-57
93            <intent-filter>
93-->[androidx.profileinstaller:profileinstaller:1.3.1] AndroidManifest.xml:40:13-42:29
94                <action android:name="androidx.profileinstaller.action.INSTALL_PROFILE" />
94-->[androidx.profileinstaller:profileinstaller:1.3.1] AndroidManifest.xml:41:17-91
94-->[androidx.profileinstaller:profileinstaller:1.3.1] AndroidManifest.xml:41:25-88
95            </intent-filter>
96            <intent-filter>
96-->[androidx.profileinstaller:profileinstaller:1.3.1] AndroidManifest.xml:43:13-45:29
97                <action android:name="androidx.profileinstaller.action.SKIP_FILE" />
97-->[androidx.profileinstaller:profileinstaller:1.3.1] AndroidManifest.xml:44:17-85
97-->[androidx.profileinstaller:profileinstaller:1.3.1] AndroidManifest.xml:44:25-82
98            </intent-filter>
99            <intent-filter>
99-->[androidx.profileinstaller:profileinstaller:1.3.1] AndroidManifest.xml:46:13-48:29
100                <action android:name="androidx.profileinstaller.action.SAVE_PROFILE" />
100-->[androidx.profileinstaller:profileinstaller:1.3.1] AndroidManifest.xml:47:17-88
100-->[androidx.profileinstaller:profileinstaller:1.3.1] AndroidManifest.xml:47:25-85
101            </intent-filter>
102            <intent-filter>
102-->[androidx.profileinstaller:profileinstaller:1.3.1] AndroidManifest.xml:49:13-51:29
103                <action android:name="androidx.profileinstaller.action.BENCHMARK_OPERATION" />
103-->[androidx.profileinstaller:profileinstaller:1.3.1] AndroidManifest.xml:50:17-95
103-->[androidx.profileinstaller:profileinstaller:1.3.1] AndroidManifest.xml:50:25-92
104            </intent-filter>
105        </receiver>
106    </application>
107
108</manifest>